{"D:\\e-com\\e-com\\client\\src\\components\\button\\index.jsx": {"path":"D:\\e-com\\e-com\\client\\src\\components\\button\\index.jsx","statementMap":{"0":{"start":{"line":8,"column":22},"end":{"line":16,"column":1}},"1":{"start":{"line":9,"column":47},"end":{"line":9,"column":52}},"2":{"start":{"line":11,"column":2},"end":{"line":15,"column":3}}},"fnMap":{"0":{"name":"(anonymous_0)","decl":{"start":{"line":8,"column":22},"end":{"line":8,"column":23}},"loc":{"start":{"line":8,"column":33},"end":{"line":16,"column":1}},"line":8}},"branchMap":{},"s":{"0":1,"1":1,"2":1},"f":{"0":1},"b":{},"_coverageSchema":"43e27e138ebf9cfc5966b082cf9a028302ed4184","hash":"05cef8619e071a07b668162e7fe1185ce4de685d"}
,"D:\\e-com\\e-com\\client\\src\\components\\button\\index.styles.jsx": {"path":"D:\\e-com\\e-com\\client\\src\\components\\button\\index.styles.jsx","statementMap":{"0":{"start":{"line":3,"column":22},"end":{"line":10,"column":1}},"1":{"start":{"line":12,"column":24},"end":{"line":19,"column":1}},"2":{"start":{"line":21,"column":23},"end":{"line":28,"column":1}},"3":{"start":{"line":30,"column":24},"end":{"line":38,"column":1}},"4":{"start":{"line":31,"column":2},"end":{"line":37,"column":3}},"5":{"start":{"line":32,"column":4},"end":{"line":32,"column":25}},"6":{"start":{"line":33,"column":9},"end":{"line":37,"column":3}},"7":{"start":{"line":34,"column":4},"end":{"line":34,"column":27}},"8":{"start":{"line":35,"column":9},"end":{"line":37,"column":3}},"9":{"start":{"line":36,"column":4},"end":{"line":36,"column":26}},"10":{"start":{"line":40,"column":31},"end":{"line":58,"column":1}}},"fnMap":{"0":{"name":"(anonymous_0)","decl":{"start":{"line":30,"column":24},"end":{"line":30,"column":25}},"loc":{"start":{"line":30,"column":35},"end":{"line":38,"column":1}},"line":30}},"branchMap":{"0":{"loc":{"start":{"line":31,"column":2},"end":{"line":37,"column":3}},"type":"if","locations":[{"start":{"line":31,"column":2},"end":{"line":37,"column":3}},{"start":{"line":31,"column":2},"end":{"line":37,"column":3}}],"line":31},"1":{"loc":{"start":{"line":33,"column":9},"end":{"line":37,"column":3}},"type":"if","locations":[{"start":{"line":33,"column":9},"end":{"line":37,"column":3}},{"start":{"line":33,"column":9},"end":{"line":37,"column":3}}],"line":33},"2":{"loc":{"start":{"line":35,"column":9},"end":{"line":37,"column":3}},"type":"if","locations":[{"start":{"line":35,"column":9},"end":{"line":37,"column":3}},{"start":{"line":35,"column":9},"end":{"line":37,"column":3}}],"line":35}},"s":{"0":1,"1":1,"2":1,"3":1,"4":0,"5":0,"6":0,"7":0,"8":0,"9":0,"10":1},"f":{"0":0},"b":{"0":[0,0],"1":[0,0],"2":[0,0]},"_coverageSchema":"43e27e138ebf9cfc5966b082cf9a028302ed4184","hash":"98e092fec4b47a977f919562313ab8dda5a163e6"}
,"D:\\e-com\\e-com\\client\\src\\components\\buttonIcon\\index.jsx": {"path":"D:\\e-com\\e-com\\client\\src\\components\\buttonIcon\\index.jsx","statementMap":{"0":{"start":{"line":7,"column":26},"end":{"line":17,"column":1}},"1":{"start":{"line":8,"column":2},"end":{"line":16,"column":3}}},"fnMap":{"0":{"name":"(anonymous_0)","decl":{"start":{"line":7,"column":26},"end":{"line":7,"column":27}},"loc":{"start":{"line":7,"column":75},"end":{"line":17,"column":1}},"line":7}},"branchMap":{"0":{"loc":{"start":{"line":11,"column":44},"end":{"line":11,"column":57}},"type":"binary-expr","locations":[{"start":{"line":11,"column":44},"end":{"line":11,"column":51}},{"start":{"line":11,"column":55},"end":{"line":11,"column":57}}],"line":11}},"s":{"0":1,"1":1},"f":{"0":1},"b":{"0":[1,0]},"_coverageSchema":"43e27e138ebf9cfc5966b082cf9a028302ed4184","hash":"556a872521eae090a65fb59cd021e1a48803b366"}
,"D:\\e-com\\e-com\\client\\test\\async.js": {"path":"D:\\e-com\\e-com\\client\\test\\async.js","statementMap":{"0":{"start":{"line":1,"column":14},"end":{"line":1,"column":35}},"1":{"start":{"line":3,"column":20},"end":{"line":10,"column":1}},"2":{"start":{"line":4,"column":2},"end":{"line":9,"column":8}},"3":{"start":{"line":5,"column":17},"end":{"line":5,"column":27}},"4":{"start":{"line":6,"column":19},"end":{"line":9,"column":5}},"5":{"start":{"line":12,"column":20},"end":{"line":20,"column":1}},"6":{"start":{"line":13,"column":18},"end":{"line":13,"column":66}},"7":{"start":{"line":14,"column":15},"end":{"line":14,"column":35}},"8":{"start":{"line":16,"column":2},"end":{"line":19,"column":4}},"9":{"start":{"line":22,"column":0},"end":{"line":25,"column":2}}},"fnMap":{"0":{"name":"(anonymous_0)","decl":{"start":{"line":3,"column":20},"end":{"line":3,"column":21}},"loc":{"start":{"line":3,"column":29},"end":{"line":10,"column":1}},"line":3},"1":{"name":"(anonymous_1)","decl":{"start":{"line":5,"column":10},"end":{"line":5,"column":11}},"loc":{"start":{"line":5,"column":17},"end":{"line":5,"column":27}},"line":5},"2":{"name":"(anonymous_2)","decl":{"start":{"line":6,"column":10},"end":{"line":6,"column":11}},"loc":{"start":{"line":6,"column":19},"end":{"line":9,"column":5}},"line":6},"3":{"name":"(anonymous_3)","decl":{"start":{"line":12,"column":20},"end":{"line":12,"column":21}},"loc":{"start":{"line":12,"column":37},"end":{"line":20,"column":1}},"line":12}},"branchMap":{},"s":{"0":1,"1":1,"2":2,"3":2,"4":2,"5":1,"6":1,"7":1,"8":1,"9":1},"f":{"0":2,"1":2,"2":2,"3":1},"b":{},"_coverageSchema":"43e27e138ebf9cfc5966b082cf9a028302ed4184","hash":"36169fcdbfe12462e778644e2968fb93447a4e0a"}
,"D:\\e-com\\e-com\\client\\test\\search.js": {"path":"D:\\e-com\\e-com\\client\\test\\search.js","statementMap":{"0":{"start":{"line":1,"column":15},"end":{"line":6,"column":1}},"1":{"start":{"line":2,"column":29},"end":{"line":2,"column":65}},"2":{"start":{"line":2,"column":41},"end":{"line":2,"column":65}},"3":{"start":{"line":3,"column":18},"end":{"line":3,"column":47}},"4":{"start":{"line":5,"column":2},"end":{"line":5,"column":60}},"5":{"start":{"line":8,"column":0},"end":{"line":8,"column":24}}},"fnMap":{"0":{"name":"(anonymous_0)","decl":{"start":{"line":1,"column":15},"end":{"line":1,"column":16}},"loc":{"start":{"line":1,"column":30},"end":{"line":6,"column":1}},"line":1},"1":{"name":"(anonymous_1)","decl":{"start":{"line":2,"column":29},"end":{"line":2,"column":30}},"loc":{"start":{"line":2,"column":41},"end":{"line":2,"column":65}},"line":2}},"branchMap":{"0":{"loc":{"start":{"line":5,"column":9},"end":{"line":5,"column":59}},"type":"cond-expr","locations":[{"start":{"line":5,"column":30},"end":{"line":5,"column":49}},{"start":{"line":5,"column":52},"end":{"line":5,"column":59}}],"line":5}},"s":{"0":1,"1":5,"2":25,"3":5,"4":5,"5":1},"f":{"0":5,"1":25},"b":{"0":[1,4]},"_coverageSchema":"43e27e138ebf9cfc5966b082cf9a028302ed4184","hash":"9500cf605be593f081284a46964e04a36284c3af"}
}
